  Azure Sphere Utility version 2.0.2.45571
  Copyright (C) Microsoft Corporation. All rights reserved.
   
  Start time (UTC): Wednesday, 17 October 2018 11:50:04 
  verbose: Creating image. 
  verbose: Azure Sphere application image written. 
  verbose: Appending metadata. 
  verbose: Wrote metadata:
    Section: Identity
      Image Type:        Applications
  
      Component UID:     fda1b0a6-e2f0-47b1-b0bd-161933bd3479
  
      Image UID:         f7f982cc-008c-4de7-a9f1-04a0f240946f
  
    Section: Signature
      Signing Type:      ECDsa256
  
      Cert:              a8d5cc6958f48710140d7a26160fc1cfc31f5df0
  
    Section: Debug
      Name:              GroveLEDButton
  
      Built On (UTC):    10/17/2018 11:50:05 AM
  
      Built On (Local):  10/17/2018 7:50:05 PM
  
    Section: Temporary Image
      Remove image at boot: False
  
      Under development: True
  
    Section: ABI Depends
      Depends:           ApplicationRuntime@1
  
   
  verbose: Packaging completed successfully. 
  verbose: Output file is at: E:\workspace\MT3620_Grove_Shield_Library\Samples\GroveLEDButton\GroveLEDButton\bin\ARM\Debug\GroveLEDButton.imagepackage 
  Command completed successfully in 00:00:00.6887721. 
