  Azure Sphere Utility version 2.0.2.45571
  Copyright (C) Microsoft Corporation. All rights reserved.
   
  Start time (UTC): Wednesday, 17 October 2018 05:49:15 
  verbose: Creating image. 
  verbose: Azure Sphere application image written. 
  verbose: Appending metadata. 
  verbose: Wrote metadata:
    Section: Identity
      Image Type:        Applications
  
      Component UID:     cee8898f-372c-4444-942b-56a5378e985d
  
      Image UID:         10274864-7782-49ae-aea0-4c66ccd8fae5
  
    Section: Signature
      Signing Type:      ECDsa256
  
      Cert:              a8d5cc6958f48710140d7a26160fc1cfc31f5df0
  
    Section: Debug
      Name:              GroveOledDisplay
  
      Built On (UTC):    10/17/2018 5:49:16 AM
  
      Built On (Local):  10/17/2018 1:49:16 PM
  
    Section: Temporary Image
      Remove image at boot: False
  
      Under development: True
  
    Section: ABI Depends
      Depends:           ApplicationRuntime@1
  
   
  verbose: Packaging completed successfully. 
  verbose: Output file is at: E:\workspace\MT3620_Grove_Shield_Library\Samples\Grove_OLED_Display\GroveOledDisplay\bin\ARM\Debug\GroveOledDisplay.imagepackage 
  Command completed successfully in 00:00:00.7067355. 
