  Azure Sphere Utility version 2.0.2.45571
  Copyright (C) Microsoft Corporation. All rights reserved.
   
  Start time (UTC): Wednesday, 17 October 2018 12:20:26 
  verbose: Creating image. 
  verbose: Azure Sphere application image written. 
  verbose: Appending metadata. 
  verbose: Wrote metadata:
    Section: Identity
      Image Type:        Applications
  
      Component UID:     b0435fed-fb3d-4518-9158-6fe47fd49754
  
      Image UID:         fdae8e4c-1665-4669-96e3-ef91f62aa4c1
  
    Section: Signature
      Signing Type:      ECDsa256
  
      Cert:              a8d5cc6958f48710140d7a26160fc1cfc31f5df0
  
    Section: Debug
      Name:              GroveLightSensor
  
      Built On (UTC):    10/17/2018 12:20:27 PM
  
      Built On (Local):  10/17/2018 8:20:27 PM
  
    Section: Temporary Image
      Remove image at boot: False
  
      Under development: True
  
    Section: ABI Depends
      Depends:           ApplicationRuntime@1
  
   
  verbose: Packaging completed successfully. 
  verbose: Output file is at: E:\workspace\MT3620_Grove_Shield_Library\Samples\GroveLightSensor\GroveLightSensor\bin\ARM\Debug\GroveLightSensor.imagepackage 
  Command completed successfully in 00:00:00.6588794. 
