  Azure Sphere Utility version 2.0.2.45571
  Copyright (C) Microsoft Corporation. All rights reserved.
   
  Start time (UTC): Wednesday, 17 October 2018 09:28:03 
  verbose: Creating image. 
  verbose: Azure Sphere application image written. 
  verbose: Appending metadata. 
  verbose: Wrote metadata:
    Section: Identity
      Image Type:        Applications
  
      Component UID:     ee01d1da-de2c-428d-b5f9-4ad8dd9e6151
  
      Image UID:         ca147649-1f08-4546-b4b3-db4238bc11f7
  
    Section: Signature
      Signing Type:      ECDsa256
  
      Cert:              a8d5cc6958f48710140d7a26160fc1cfc31f5df0
  
    Section: Debug
      Name:              Grove_Buzzer
  
      Built On (UTC):    10/17/2018 9:28:04 AM
  
      Built On (Local):  10/17/2018 5:28:04 PM
  
    Section: Temporary Image
      Remove image at boot: False
  
      Under development: True
  
    Section: ABI Depends
      Depends:           ApplicationRuntime@1
  
   
  verbose: Packaging completed successfully. 
  verbose: Output file is at: E:\workspace\MT3620_Grove_Shield_Library\Samples\Grove_Buzzer\Grove_Buzzer\bin\ARM\Debug\Grove_Buzzer.imagepackage 
  Command completed successfully in 00:00:00.9936581. 
