  Azure Sphere Utility version 2.0.2.45571
  Copyright (C) Microsoft Corporation. All rights reserved.
   
  Start time (UTC): Wednesday, 17 October 2018 07:54:28 
  verbose: Creating image. 
  verbose: Azure Sphere application image written. 
  verbose: Appending metadata. 
  verbose: Wrote metadata:
    Section: Identity
      Image Type:        Applications
  
      Component UID:     559650e1-b386-4891-9eb3-a31522bd7489
  
      Image UID:         bccf2709-01b0-4228-99e0-9f665c45427a
  
    Section: Signature
      Signing Type:      ECDsa256
  
      Cert:              a8d5cc6958f48710140d7a26160fc1cfc31f5df0
  
    Section: Debug
      Name:              Grove_4_Digital_Display
  
      Built On (UTC):    10/17/2018 7:54:29 AM
  
      Built On (Local):  10/17/2018 3:54:29 PM
  
    Section: Temporary Image
      Remove image at boot: False
  
      Under development: True
  
    Section: ABI Depends
      Depends:           ApplicationRuntime@1
  
   
  verbose: Packaging completed successfully. 
  verbose: Output file is at: E:\workspace\MT3620_Grove_Shield_Library\Samples\Grove_4_Digital_Display\Grove_4_Digital_Display\bin\ARM\Debug\Grove_4_Digital_Display.imagepackage 
  Command completed successfully in 00:00:00.7202456. 
