  Azure Sphere Utility version 2.0.2.45571
  Copyright (C) Microsoft Corporation. All rights reserved.
   
  Start time (UTC): Wednesday, 17 October 2018 12:22:52 
  verbose: Creating image. 
  verbose: Azure Sphere application image written. 
  verbose: Appending metadata. 
  verbose: Wrote metadata:
    Section: Identity
      Image Type:        Applications
  
      Component UID:     1525a362-27a9-43f2-97ac-de8931beb8aa
  
      Image UID:         e088c0ac-58a1-4ef4-a14d-705dcb1dd737
  
    Section: Signature
      Signing Type:      ECDsa256
  
      Cert:              a8d5cc6958f48710140d7a26160fc1cfc31f5df0
  
    Section: Debug
      Name:              GroveRotaryAngleSensor
  
      Built On (UTC):    10/17/2018 12:22:53 PM
  
      Built On (Local):  10/17/2018 8:22:53 PM
  
    Section: Temporary Image
      Remove image at boot: False
  
      Under development: True
  
    Section: ABI Depends
      Depends:           ApplicationRuntime@1
  
   
  verbose: Packaging completed successfully. 
  verbose: Output file is at: E:\workspace\MT3620_Grove_Shield_Library\Samples\GroveRotaryAngleSensor\GroveRotaryAngleSensor\bin\ARM\Debug\GroveRotaryAngleSensor.imagepackage 
  Command completed successfully in 00:00:00.6660113. 
